Added Component: Designator=*1(SOIC_8)
Add component. Clean all parameters for all variants
Added Component: Designator=*2(SOIC_8)
Add component. Clean all parameters for all variants
Added Component: Designator=*3(SOIC_8)
Add component. Clean all parameters for all variants
Added Pin To Net: NetName=Net*1_2 Pin=*1-2
Added Pin To Net: NetName=Net*1_3 Pin=*1-3
Added Pin To Net: NetName=5N0 Pin=*1-4
Added Pin To Net: NetName=Net*1_6 Pin=*1-6
Added Pin To Net: NetName=25P0 Pin=*1-7
Added Pin To Net: NetName=Net*2_2 Pin=*2-2
Added Pin To Net: NetName=Net*2_3 Pin=*2-3
Added Pin To Net: NetName=5N0 Pin=*2-4
Added Pin To Net: NetName=Net*2_6 Pin=*2-6
Added Pin To Net: NetName=25P0 Pin=*2-7
Added Pin To Net: NetName=Net*3_1 Pin=*3-1
Added Pin To Net: NetName=Net*3_2 Pin=*3-2
Added Pin To Net: NetName=Net*3_3 Pin=*3-3
Added Pin To Net: NetName=GND Pin=*3-4
Added Pin To Net: NetName=5P0 Pin=*3-8
Added Member To Class: ClassName=Gain&Adder Member=Component *1 OPA828
Added Member To Class: ClassName=Gain&Adder Member=Component *2 OPA828
Added Member To Class: ClassName=Gain&Adder Member=Component *3 TlV3202
